[2025-03-11 22:21:09,811: INFO: config: PyTorch version 2.4.1 available.]
[2025-03-11 22:26:52,157: INFO: config: PyTorch version 2.4.1 available.]
[2025-03-11 22:26:52,675: INFO: main: >>>>>> stage Data Ingestion stage started <<<<<<]
[2025-03-11 22:26:52,677: INFO: common: yaml file: config/config.yaml loaded successfully]
[2025-03-11 22:26:52,679: INFO: common: yaml file: params.yaml loaded successfully]
[2025-03-11 22:26:52,679: INFO: common: created directory at: artifacts]
[2025-03-11 22:26:52,679: INFO: common: created directory at: artifacts/data_ingestion]
[2025-03-11 22:27:02,881: INFO: data_ingestion: artifacts/data_ingestion/data.zip download! with following info: 
Connection: close
Content-Length: 7903594
Cache-Control: max-age=300
Content-Security-Policy: default-src 'none'; style-src 'unsafe-inline'; sandbox
Content-Type: application/zip
ETag: "dbc016a060da18070593b83afff580c9b300f0b6ea4147a7988433e04df246ca"
Strict-Transport-Security: max-age=31536000
X-Content-Type-Options: nosniff
X-Frame-Options: deny
X-XSS-Protection: 1; mode=block
X-GitHub-Request-Id: 0F53:F03F6:46C92:95C26:67D06B55
Accept-Ranges: bytes
Date: Tue, 11 Mar 2025 16:56:54 GMT
Via: 1.1 varnish
X-Served-By: cache-hyd1100021-HYD
X-Cache: MISS
X-Cache-Hits: 0
X-Timer: S1741712213.374909,VS0,VE666
Vary: Authorization,Accept-Encoding,Origin
Access-Control-Allow-Origin: *
Cross-Origin-Resource-Policy: cross-origin
X-Fastly-Request-ID: 6c72a8473c95bc1b80fda1c7009710c8bcd94dea
Expires: Tue, 11 Mar 2025 17:01:54 GMT
Source-Age: 0

]
[2025-03-11 22:27:02,997: INFO: main: >>>>>> stage Data Ingestion stage completed <<<<<<

x==========x]
[2025-03-11 22:27:02,997: INFO: main: >>>>>> stage Data Validation stage started <<<<<<]
[2025-03-11 22:27:02,999: INFO: common: yaml file: config/config.yaml loaded successfully]
[2025-03-11 22:27:03,000: INFO: common: yaml file: params.yaml loaded successfully]
[2025-03-11 22:27:03,000: INFO: common: created directory at: artifacts]
[2025-03-11 22:27:03,000: INFO: common: created directory at: artifacts/data_validation]
[2025-03-11 22:27:03,001: INFO: main: >>>>>> stage Data Validation stage completed <<<<<<

x==========x]
[2025-03-11 22:27:03,001: INFO: main: >>>>>> stage Data Transformation stage started <<<<<<]
[2025-03-11 22:27:03,003: INFO: common: yaml file: config/config.yaml loaded successfully]
[2025-03-11 22:27:03,004: INFO: common: yaml file: params.yaml loaded successfully]
[2025-03-11 22:27:03,004: INFO: common: created directory at: artifacts]
[2025-03-11 22:27:03,004: INFO: common: created directory at: artifacts/data_transformation]
[2025-03-11 22:27:12,879: INFO: main: >>>>>> stage Data Transformation stage completed <<<<<<

x==========x]
[2025-03-11 22:27:12,879: INFO: main: *******************]
[2025-03-11 22:27:12,879: INFO: main: >>>>>> stage Model Trainer stage started <<<<<<]
[2025-03-11 22:27:12,881: INFO: common: yaml file: config/config.yaml loaded successfully]
[2025-03-11 22:27:12,882: INFO: common: yaml file: params.yaml loaded successfully]
[2025-03-11 22:27:12,882: INFO: common: created directory at: artifacts]
[2025-03-11 22:27:12,882: INFO: common: created directory at: artifacts/model_trainer]
[2025-03-11 22:43:22,392: ERROR: main: Using the `Trainer` with `PyTorch` requires `accelerate>=0.26.0`: Please run `pip install transformers[torch]` or `pip install 'accelerate>={ACCELERATE_MIN_VERSION}'`]
Traceback (most recent call last):
  File "main.py", line 51, in <module>
    model_trainer.main()
  File "/home/sidrishi/textsummarizer/src/textSummarizer/pipeline/stage_04_model_trainer.py", line 14, in main
    model_trainer_config.train()
  File "/home/sidrishi/textsummarizer/src/textSummarizer/components/model_trainer.py", line 34, in train
    trainer_args = TrainingArguments(
  File "<string>", line 134, in __init__
  File "/home/sidrishi/textsummarizer/venv/lib/python3.8/site-packages/transformers/training_args.py", line 1773, in __post_init__
    self.device
  File "/home/sidrishi/textsummarizer/venv/lib/python3.8/site-packages/transformers/training_args.py", line 2299, in device
    return self._setup_devices
  File "/home/sidrishi/textsummarizer/venv/lib/python3.8/site-packages/transformers/utils/generic.py", line 60, in __get__
    cached = self.fget(obj)
  File "/home/sidrishi/textsummarizer/venv/lib/python3.8/site-packages/transformers/training_args.py", line 2172, in _setup_devices
    raise ImportError(
ImportError: Using the `Trainer` with `PyTorch` requires `accelerate>=0.26.0`: Please run `pip install transformers[torch]` or `pip install 'accelerate>={ACCELERATE_MIN_VERSION}'`
[2025-03-12 06:37:50,316: INFO: config: PyTorch version 2.4.1 available.]
[2025-03-12 06:37:51,027: INFO: main: >>>>>> stage Data Ingestion stage started <<<<<<]
[2025-03-12 06:37:51,031: INFO: common: yaml file: config/config.yaml loaded successfully]
[2025-03-12 06:37:51,033: INFO: common: yaml file: params.yaml loaded successfully]
[2025-03-12 06:37:51,034: INFO: common: created directory at: artifacts]
[2025-03-12 06:37:51,034: INFO: common: created directory at: artifacts/data_ingestion]
[2025-03-12 06:37:51,034: INFO: data_ingestion: File already exists of size: ~ 7718 KB]
[2025-03-12 06:37:51,198: INFO: main: >>>>>> stage Data Ingestion stage completed <<<<<<

x==========x]
[2025-03-12 06:37:51,198: INFO: main: >>>>>> stage Data Validation stage started <<<<<<]
[2025-03-12 06:37:51,202: INFO: common: yaml file: config/config.yaml loaded successfully]
[2025-03-12 06:37:51,204: INFO: common: yaml file: params.yaml loaded successfully]
[2025-03-12 06:37:51,204: INFO: common: created directory at: artifacts]
[2025-03-12 06:37:51,204: INFO: common: created directory at: artifacts/data_validation]
[2025-03-12 06:37:51,205: INFO: main: >>>>>> stage Data Validation stage completed <<<<<<

x==========x]
[2025-03-12 06:37:51,205: INFO: main: >>>>>> stage Data Transformation stage started <<<<<<]
[2025-03-12 06:37:51,208: INFO: common: yaml file: config/config.yaml loaded successfully]
[2025-03-12 06:37:51,210: INFO: common: yaml file: params.yaml loaded successfully]
[2025-03-12 06:37:51,210: INFO: common: created directory at: artifacts]
[2025-03-12 06:37:51,211: INFO: common: created directory at: artifacts/data_transformation]
[2025-03-12 06:37:53,469: INFO: main: >>>>>> stage Data Transformation stage completed <<<<<<

x==========x]
[2025-03-12 06:37:53,469: INFO: main: *******************]
[2025-03-12 06:37:53,469: INFO: main: >>>>>> stage Model Trainer stage started <<<<<<]
[2025-03-12 06:37:53,473: INFO: common: yaml file: config/config.yaml loaded successfully]
[2025-03-12 06:37:53,474: INFO: common: yaml file: params.yaml loaded successfully]
[2025-03-12 06:37:53,474: INFO: common: created directory at: artifacts]
[2025-03-12 06:37:53,475: INFO: common: created directory at: artifacts/model_trainer]
[2025-03-12 06:44:29,891: INFO: server: Started server process [141365]]
[2025-03-12 06:44:29,892: INFO: on: Waiting for application startup.]
[2025-03-12 06:44:29,892: INFO: on: Application startup complete.]
[2025-03-12 06:44:29,893: INFO: server: Uvicorn running on http://0.0.0.0:8080 (Press CTRL+C to quit)]
[2025-03-12 06:48:50,139: INFO: common: yaml file: config/config.yaml loaded successfully]
[2025-03-12 06:48:50,142: INFO: common: yaml file: params.yaml loaded successfully]
[2025-03-12 06:48:50,142: INFO: common: created directory at: artifacts]
[2025-03-12 06:48:50,143: INFO: common: created directory at: artifacts/model_evaluation]
[2025-03-12 06:49:46,125: INFO: server: Shutting down]
[2025-03-12 06:49:46,226: INFO: on: Waiting for application shutdown.]
[2025-03-12 06:49:46,226: INFO: on: Application shutdown complete.]
[2025-03-12 06:49:46,226: INFO: server: Finished server process [141365]]
[2025-03-12 06:50:21,891: INFO: server: Started server process [143028]]
[2025-03-12 06:50:21,892: INFO: on: Waiting for application startup.]
[2025-03-12 06:50:21,892: INFO: on: Application startup complete.]
[2025-03-12 06:50:21,892: INFO: server: Uvicorn running on http://0.0.0.0:8080 (Press CTRL+C to quit)]
[2025-03-12 06:50:45,135: INFO: config: PyTorch version 2.4.1 available.]
[2025-03-12 06:50:45,667: INFO: main: >>>>>> stage Data Ingestion stage started <<<<<<]
[2025-03-12 06:50:45,670: INFO: common: yaml file: config/config.yaml loaded successfully]
[2025-03-12 06:50:45,671: INFO: common: yaml file: params.yaml loaded successfully]
[2025-03-12 06:50:45,671: INFO: common: created directory at: artifacts]
[2025-03-12 06:50:45,671: INFO: common: created directory at: artifacts/data_ingestion]
[2025-03-12 06:50:45,671: INFO: data_ingestion: File already exists of size: ~ 7718 KB]
[2025-03-12 06:50:45,809: INFO: main: >>>>>> stage Data Ingestion stage completed <<<<<<

x==========x]
[2025-03-12 06:50:45,809: INFO: main: >>>>>> stage Data Validation stage started <<<<<<]
[2025-03-12 06:50:45,812: INFO: common: yaml file: config/config.yaml loaded successfully]
[2025-03-12 06:50:45,813: INFO: common: yaml file: params.yaml loaded successfully]
[2025-03-12 06:50:45,813: INFO: common: created directory at: artifacts]
[2025-03-12 06:50:45,813: INFO: common: created directory at: artifacts/data_validation]
[2025-03-12 06:50:45,814: INFO: main: >>>>>> stage Data Validation stage completed <<<<<<

x==========x]
[2025-03-12 06:50:45,814: INFO: main: >>>>>> stage Data Transformation stage started <<<<<<]
[2025-03-12 06:50:45,816: INFO: common: yaml file: config/config.yaml loaded successfully]
[2025-03-12 06:50:45,818: INFO: common: yaml file: params.yaml loaded successfully]
[2025-03-12 06:50:45,818: INFO: common: created directory at: artifacts]
[2025-03-12 06:50:45,818: INFO: common: created directory at: artifacts/data_transformation]
[2025-03-12 06:50:47,685: INFO: main: >>>>>> stage Data Transformation stage completed <<<<<<

x==========x]
[2025-03-12 06:50:47,685: INFO: main: *******************]
[2025-03-12 06:50:47,685: INFO: main: >>>>>> stage Model Trainer stage started <<<<<<]
[2025-03-12 06:50:47,688: INFO: common: yaml file: config/config.yaml loaded successfully]
[2025-03-12 06:50:47,689: INFO: common: yaml file: params.yaml loaded successfully]
[2025-03-12 06:50:47,689: INFO: common: created directory at: artifacts]
[2025-03-12 06:50:47,689: INFO: common: created directory at: artifacts/model_trainer]
